<?xml version="1.0" encoding="UTF-8"?>
<testsuite name="com.xiaotao.HelloTest" tests="1" skipped="0" failures="0" errors="0" timestamp="2016-03-06T11:11:56" hostname="PEK2_5CG5230W6B" time="0.34">
  <properties/>
  <testcase name="testMain" classname="com.xiaotao.HelloTest" time="0.34"/>
  <system-out><![CDATA[2016-03-06 19:11:57	[ DEBUG ]	[ Test worker:0 ]	This is a debug line: hello
2016-03-06 19:11:57	[ INFO ]	[ Test worker:5 ]	This is a info line: hello
2016-03-06 19:11:57	[ WARN ]	[ Test worker:6 ]	This is a warn line: hello
2016-03-06 19:11:57	[ ERROR ]	[ Test worker:6 ]	This is a error line: hello
]]></system-out>
  <system-err><![CDATA[]]></system-err>
</testsuite>
